[0m02:26:03.605778 [debug] [MainThread]: Sending event: {'category': 'dbt', 'action': 'invocation', 'label': 'start', 'context': [<snowplow_tracker.self_describing_json.SelfDescribingJson object at 0x000001DCE89F02C0>, <snowplow_tracker.self_describing_json.SelfDescribingJson object at 0x000001DCE86F50A0>, <snowplow_tracker.self_describing_json.SelfDescribingJson object at 0x000001DCE89F0500>]}


============================== 02:26:03.642638 | 4c895f4d-6e71-4949-9741-7fb6794193ef ==============================
[0m02:26:03.642638 [info ] [MainThread]: Running with dbt=1.11.0-b3
[0m02:26:03.643240 [debug] [MainThread]: running dbt with arguments {'printer_width': '80', 'indirect_selection': 'eager', 'write_json': 'True', 'log_cache_events': 'False', 'partial_parse': 'True', 'cache_selected_only': 'False', 'warn_error': 'None', 'debug': 'False', 'fail_fast': 'False', 'log_path': 'logs', 'version_check': 'True', 'profiles_dir': 'C:\\Users\\pkduo\\.dbt', 'use_colors': 'True', 'use_experimental_parser': 'False', 'no_print': 'None', 'quiet': 'False', 'empty': 'None', 'warn_error_options': 'WarnErrorOptionsV2(error=[], warn=[], silence=[])', 'invocation_command': 'dbt debug --target dev', 'introspect': 'True', 'static_parser': 'True', 'target_path': 'None', 'log_format': 'default', 'send_anonymous_usage_stats': 'True'}
[0m02:26:03.830869 [info ] [MainThread]: dbt version: 1.11.0-b3
[0m02:26:03.832375 [info ] [MainThread]: python version: 3.12.10
[0m02:26:03.832375 [info ] [MainThread]: python path: C:\Users\pkduo\AppData\Local\Microsoft\WindowsApps\PythonSoftwareFoundation.Python.3.12_qbz5n2kfra8p0\python.exe
[0m02:26:03.833381 [info ] [MainThread]: os info: Windows-11-10.0.26100-SP0
[0m02:26:05.914653 [info ] [MainThread]: Using profiles dir at C:\Users\pkduo\.dbt
[0m02:26:05.915652 [info ] [MainThread]: Using profiles.yml file at C:\Users\pkduo\.dbt\profiles.yml
[0m02:26:05.915652 [info ] [MainThread]: Using dbt_project.yml file at C:\Users\pkduo\dbt-dag\dbt_project.yml
[0m02:26:05.916653 [info ] [MainThread]: adapter type: snowflake
[0m02:26:05.916653 [info ] [MainThread]: adapter version: 1.10.2
[0m02:26:05.916653 [info ] [MainThread]: Configuration:
[0m02:26:05.916653 [info ] [MainThread]:   profiles.yml file [[32mOK found and valid[0m]
[0m02:26:05.917652 [info ] [MainThread]:   dbt_project.yml file [[31mERROR not found[0m]
[0m02:26:05.917652 [info ] [MainThread]: Required dependencies:
[0m02:26:05.917652 [debug] [MainThread]: Executing "git --help"
[0m02:26:05.953600 [debug] [MainThread]: STDOUT: "b"usage: git [-v | --version] [-h | --help] [-C <path>] [-c <name>=<value>]\n           [--exec-path[=<path>]] [--html-path] [--man-path] [--info-path]\n           [-p | --paginate | -P | --no-pager] [--no-replace-objects] [--bare]\n           [--git-dir=<path>] [--work-tree=<path>] [--namespace=<name>]\n           [--config-env=<name>=<envvar>] <command> [<args>]\n\nThese are common Git commands used in various situations:\n\nstart a working area (see also: git help tutorial)\n   clone     Clone a repository into a new directory\n   init      Create an empty Git repository or reinitialize an existing one\n\nwork on the current change (see also: git help everyday)\n   add       Add file contents to the index\n   mv        Move or rename a file, a directory, or a symlink\n   restore   Restore working tree files\n   rm        Remove files from the working tree and from the index\n\nexamine the history and state (see also: git help revisions)\n   bisect    Use binary search to find the commit that introduced a bug\n   diff      Show changes between commits, commit and working tree, etc\n   grep      Print lines matching a pattern\n   log       Show commit logs\n   show      Show various types of objects\n   status    Show the working tree status\n\ngrow, mark and tweak your common history\n   branch    List, create, or delete branches\n   commit    Record changes to the repository\n   merge     Join two or more development histories together\n   rebase    Reapply commits on top of another base tip\n   reset     Reset current HEAD to the specified state\n   switch    Switch branches\n   tag       Create, list, delete or verify a tag object signed with GPG\n\ncollaborate (see also: git help workflows)\n   fetch     Download objects and refs from another repository\n   pull      Fetch from and integrate with another repository or a local branch\n   push      Update remote refs along with associated objects\n\n'git help -a' and 'git help -g' list available subcommands and some\nconcept guides. See 'git help <command>' or 'git help <concept>'\nto read about a specific subcommand or concept.\nSee 'git help git' for an overview of the system.\n""
[0m02:26:05.955104 [debug] [MainThread]: STDERR: "b''"
[0m02:26:05.955104 [info ] [MainThread]:  - git [[32mOK found[0m]

[0m02:26:05.955104 [info ] [MainThread]: Connection:
[0m02:26:05.956109 [info ] [MainThread]:   account: qmb82276
[0m02:26:05.956109 [info ] [MainThread]:   user: pkduongsu
[0m02:26:05.956109 [info ] [MainThread]:   database: dbt_db
[0m02:26:05.956109 [info ] [MainThread]:   warehouse: dbt_wh
[0m02:26:05.957109 [info ] [MainThread]:   role: dbt_role
[0m02:26:05.957109 [info ] [MainThread]:   schema: dbt_schema
[0m02:26:05.957109 [info ] [MainThread]:   authenticator: None
[0m02:26:05.957806 [info ] [MainThread]:   oauth_client_id: None
[0m02:26:05.957806 [info ] [MainThread]:   query_tag: None
[0m02:26:05.957806 [info ] [MainThread]:   client_session_keep_alive: False
[0m02:26:05.957806 [info ] [MainThread]:   host: None
[0m02:26:05.958810 [info ] [MainThread]:   port: None
[0m02:26:05.958810 [info ] [MainThread]:   proxy_host: None
[0m02:26:05.958810 [info ] [MainThread]:   proxy_port: None
[0m02:26:05.958810 [info ] [MainThread]:   protocol: None
[0m02:26:05.958810 [info ] [MainThread]:   connect_retries: 1
[0m02:26:05.959809 [info ] [MainThread]:   connect_timeout: None
[0m02:26:05.959809 [info ] [MainThread]:   retry_on_database_errors: False
[0m02:26:05.959809 [info ] [MainThread]:   retry_all: False
[0m02:26:05.959809 [info ] [MainThread]:   insecure_mode: False
[0m02:26:05.959809 [info ] [MainThread]:   reuse_connections: True
[0m02:26:05.960811 [info ] [MainThread]:   s3_stage_vpce_dns_name: None
[0m02:26:05.960811 [info ] [MainThread]: Registered adapter: snowflake=1.10.2
[0m02:26:06.583261 [debug] [MainThread]: Acquiring new snowflake connection 'debug'
[0m02:26:08.884818 [debug] [MainThread]: Using snowflake connection "debug"
[0m02:26:08.884818 [debug] [MainThread]: On debug: select 1 as id
[0m02:26:08.884818 [debug] [MainThread]: Opening a new connection, currently in state init
[0m02:26:11.702634 [debug] [MainThread]: SQL status: SUCCESS 1 in 2.817 seconds
[0m02:26:11.702634 [info ] [MainThread]:   Connection test: [[32mOK connection ok[0m]

[0m02:26:11.703614 [info ] [MainThread]: [31m1 check failed:[0m
[0m02:26:11.703614 [info ] [MainThread]: Project loading failed for the following reason:
 project path <C:\Users\pkduo\dbt-dag\dbt_project.yml> not found

[0m02:26:11.704615 [debug] [MainThread]: Command `dbt debug` failed at 02:26:11.704615 after 8.21 seconds
[0m02:26:11.704615 [debug] [MainThread]: Connection 'debug' was left open.
[0m02:26:11.705630 [debug] [MainThread]: On debug: Close
[0m02:26:12.182702 [debug] [MainThread]: Sending event: {'category': 'dbt', 'action': 'invocation', 'label': 'end', 'context': [<snowplow_tracker.self_describing_json.SelfDescribingJson object at 0x000001DC89750650>, <snowplow_tracker.self_describing_json.SelfDescribingJson object at 0x000001DCE6CEACC0>, <snowplow_tracker.self_describing_json.SelfDescribingJson object at 0x000001DC897DEFF0>]}
[0m02:26:12.183207 [debug] [MainThread]: Flushing usage events
[0m02:26:13.506811 [debug] [MainThread]: An error was encountered while trying to flush usage events
